<?xml version="1.0" encoding="UTF-8"?>
<testng-results skipped="0" failed="0" ignored="0" total="1" passed="1">
  <reporter-output>
  </reporter-output>
  <suite name="Default suite" duration-ms="32466" started-at="2023-01-03T21:08:21 IST" finished-at="2023-01-03T21:08:54 IST">
    <groups>
    </groups>
    <test name="Default test" duration-ms="32466" started-at="2023-01-03T21:08:21 IST" finished-at="2023-01-03T21:08:54 IST">
      <class name="com.project.Testcases.Testcaseflow1">
        <test-method status="PASS" signature="launchURL()[pri:0, instance:com.project.Testcases.Testcaseflow1@262b2c86]" name="launchURL" is-config="true" duration-ms="14993" started-at="2023-01-03T21:08:21 IST" finished-at="2023-01-03T21:08:36 IST">
          <reporter-output>
          </reporter-output>
        </test-method> <!-- launchURL -->
        <test-method status="PASS" signature="testcaseflow()[pri:0, instance:com.project.Testcases.Testcaseflow1@262b2c86]" name="testcaseflow" duration-ms="17313" started-at="2023-01-03T21:08:36 IST" finished-at="2023-01-03T21:08:54 IST">
          <reporter-output>
          </reporter-output>
        </test-method> <!-- testcaseflow -->
      </class> <!-- com.project.Testcases.Testcaseflow1 -->
    </test> <!-- Default test -->
  </suite> <!-- Default suite -->
</testng-results>
